2016-03-18T11:49:55+00:00 ERR (3): Warning: simplexml_load_string(): Entity: line 83: parser error : Opening and ending tag mismatch: catalog line 58 and global  in /var/www/html/magento/lib/Varien/Simplexml/Config.php on line 510
2016-03-18T11:49:55+00:00 ERR (3): Warning: simplexml_load_string():     &lt;/global&gt;  in /var/www/html/magento/lib/Varien/Simplexml/Config.php on line 510
2016-03-18T11:49:55+00:00 ERR (3): Warning: simplexml_load_string():              ^  in /var/www/html/magento/lib/Varien/Simplexml/Config.php on line 510
2016-03-18T11:49:55+00:00 ERR (3): Warning: simplexml_load_string(): Entity: line 114: parser error : Opening and ending tag mismatch: global line 22 and config  in /var/www/html/magento/lib/Varien/Simplexml/Config.php on line 510
2016-03-18T11:49:55+00:00 ERR (3): Warning: simplexml_load_string(): &lt;/config&gt;  in /var/www/html/magento/lib/Varien/Simplexml/Config.php on line 510
2016-03-18T11:49:55+00:00 ERR (3): Warning: simplexml_load_string():          ^  in /var/www/html/magento/lib/Varien/Simplexml/Config.php on line 510
2016-03-18T11:49:55+00:00 ERR (3): Warning: simplexml_load_string(): Entity: line 115: parser error : Premature end of data in tag config line 16  in /var/www/html/magento/lib/Varien/Simplexml/Config.php on line 510
2016-03-18T11:50:20+00:00 ERR (3): Warning: simplexml_load_string(): Entity: line 83: parser error : Opening and ending tag mismatch: catalog line 58 and global  in /var/www/html/magento/lib/Varien/Simplexml/Config.php on line 510
2016-03-18T11:50:20+00:00 ERR (3): Warning: simplexml_load_string():     &lt;/global&gt;  in /var/www/html/magento/lib/Varien/Simplexml/Config.php on line 510
2016-03-18T11:50:20+00:00 ERR (3): Warning: simplexml_load_string():              ^  in /var/www/html/magento/lib/Varien/Simplexml/Config.php on line 510
2016-03-18T11:50:20+00:00 ERR (3): Warning: simplexml_load_string(): Entity: line 114: parser error : Opening and ending tag mismatch: global line 22 and config  in /var/www/html/magento/lib/Varien/Simplexml/Config.php on line 510
2016-03-18T11:50:20+00:00 ERR (3): Warning: simplexml_load_string(): &lt;/config&gt;  in /var/www/html/magento/lib/Varien/Simplexml/Config.php on line 510
2016-03-18T11:50:20+00:00 ERR (3): Warning: simplexml_load_string():          ^  in /var/www/html/magento/lib/Varien/Simplexml/Config.php on line 510
2016-03-18T11:50:20+00:00 ERR (3): Warning: simplexml_load_string(): Entity: line 115: parser error : Premature end of data in tag config line 16  in /var/www/html/magento/lib/Varien/Simplexml/Config.php on line 510
2016-03-18T11:50:24+00:00 ERR (3): Warning: simplexml_load_string(): Entity: line 83: parser error : Opening and ending tag mismatch: catalog line 58 and global  in /var/www/html/magento/lib/Varien/Simplexml/Config.php on line 510
2016-03-18T11:50:24+00:00 ERR (3): Warning: simplexml_load_string():     &lt;/global&gt;  in /var/www/html/magento/lib/Varien/Simplexml/Config.php on line 510
2016-03-18T11:50:24+00:00 ERR (3): Warning: simplexml_load_string():              ^  in /var/www/html/magento/lib/Varien/Simplexml/Config.php on line 510
2016-03-18T11:50:24+00:00 ERR (3): Warning: simplexml_load_string(): Entity: line 114: parser error : Opening and ending tag mismatch: global line 22 and config  in /var/www/html/magento/lib/Varien/Simplexml/Config.php on line 510
2016-03-18T11:50:24+00:00 ERR (3): Warning: simplexml_load_string(): &lt;/config&gt;  in /var/www/html/magento/lib/Varien/Simplexml/Config.php on line 510
2016-03-18T11:50:24+00:00 ERR (3): Warning: simplexml_load_string():          ^  in /var/www/html/magento/lib/Varien/Simplexml/Config.php on line 510
2016-03-18T11:50:24+00:00 ERR (3): Warning: simplexml_load_string(): Entity: line 115: parser error : Premature end of data in tag config line 16  in /var/www/html/magento/lib/Varien/Simplexml/Config.php on line 510
2016-03-18T11:50:38+00:00 ERR (3): Warning: simplexml_load_string(): Entity: line 83: parser error : Opening and ending tag mismatch: catalog line 58 and global  in /var/www/html/magento/lib/Varien/Simplexml/Config.php on line 510
2016-03-18T11:50:38+00:00 ERR (3): Warning: simplexml_load_string():     &lt;/global&gt;  in /var/www/html/magento/lib/Varien/Simplexml/Config.php on line 510
2016-03-18T11:50:38+00:00 ERR (3): Warning: simplexml_load_string():              ^  in /var/www/html/magento/lib/Varien/Simplexml/Config.php on line 510
2016-03-18T11:50:38+00:00 ERR (3): Warning: simplexml_load_string(): Entity: line 114: parser error : Opening and ending tag mismatch: global line 22 and config  in /var/www/html/magento/lib/Varien/Simplexml/Config.php on line 510
2016-03-18T11:50:38+00:00 ERR (3): Warning: simplexml_load_string(): &lt;/config&gt;  in /var/www/html/magento/lib/Varien/Simplexml/Config.php on line 510
2016-03-18T11:50:38+00:00 ERR (3): Warning: simplexml_load_string():          ^  in /var/www/html/magento/lib/Varien/Simplexml/Config.php on line 510
2016-03-18T11:50:38+00:00 ERR (3): Warning: simplexml_load_string(): Entity: line 115: parser error : Premature end of data in tag config line 16  in /var/www/html/magento/lib/Varien/Simplexml/Config.php on line 510
2016-03-18T11:51:29+00:00 ERR (3): Warning: simplexml_load_string(): Entity: line 83: parser error : Opening and ending tag mismatch: catalog line 58 and global  in /var/www/html/magento/lib/Varien/Simplexml/Config.php on line 510
2016-03-18T11:51:29+00:00 ERR (3): Warning: simplexml_load_string():     &lt;/global&gt;  in /var/www/html/magento/lib/Varien/Simplexml/Config.php on line 510
2016-03-18T11:51:29+00:00 ERR (3): Warning: simplexml_load_string():              ^  in /var/www/html/magento/lib/Varien/Simplexml/Config.php on line 510
2016-03-18T11:51:29+00:00 ERR (3): Warning: simplexml_load_string(): Entity: line 114: parser error : Opening and ending tag mismatch: global line 22 and config  in /var/www/html/magento/lib/Varien/Simplexml/Config.php on line 510
2016-03-18T11:51:29+00:00 ERR (3): Warning: simplexml_load_string(): &lt;/config&gt;  in /var/www/html/magento/lib/Varien/Simplexml/Config.php on line 510
2016-03-18T11:51:29+00:00 ERR (3): Warning: simplexml_load_string():          ^  in /var/www/html/magento/lib/Varien/Simplexml/Config.php on line 510
2016-03-18T11:51:29+00:00 ERR (3): Warning: simplexml_load_string(): Entity: line 115: parser error : Premature end of data in tag config line 16  in /var/www/html/magento/lib/Varien/Simplexml/Config.php on line 510
2016-03-18T14:21:33+00:00 CRIT (2): Not valid template file:adminhtml/base/default/template/cut/catalog/product/tab.phtml
2016-03-19T12:56:35+00:00 CRIT (2): Not valid template file:adminhtml/base/default/template/price/catalog/product/tab.phtml
2016-03-19T12:56:58+00:00 CRIT (2): Not valid template file:adminhtml/base/default/template/price/catalog/product/tab.phtml
2016-03-19T12:57:05+00:00 CRIT (2): Not valid template file:adminhtml/base/default/template/price/catalog/product/tab.phtml
2016-03-19T12:57:10+00:00 CRIT (2): Not valid template file:adminhtml/base/default/template/price/catalog/product/tab.phtml
2016-03-23T15:52:05+00:00 DEBUG (7): HEADERS ALREADY SENT: <pre>[0] /var/www/html/magento/app/code/core/Mage/Core/Controller/Response/Http.php:52
[1] /var/www/html/magento/lib/Zend/Controller/Response/Abstract.php:768
[2] /var/www/html/magento/app/code/core/Mage/Core/Controller/Response/Http.php:84
[3] /var/www/html/magento/app/code/core/Mage/Core/Controller/Varien/Front.php:184
[4] /var/www/html/magento/app/code/core/Mage/Core/Model/App.php:365
[5] /var/www/html/magento/app/Mage.php:684
[6] /var/www/html/magento/index.php:83
</pre>
2016-03-23T15:52:08+00:00 DEBUG (7): HEADERS ALREADY SENT: <pre>[0] /var/www/html/magento/app/code/core/Mage/Core/Controller/Response/Http.php:52
[1] /var/www/html/magento/lib/Zend/Controller/Response/Abstract.php:768
[2] /var/www/html/magento/app/code/core/Mage/Core/Controller/Response/Http.php:84
[3] /var/www/html/magento/app/code/core/Mage/Core/Controller/Varien/Front.php:184
[4] /var/www/html/magento/app/code/core/Mage/Core/Model/App.php:365
[5] /var/www/html/magento/app/Mage.php:684
[6] /var/www/html/magento/index.php:83
</pre>
2016-03-28T19:59:55+00:00 DEBUG (7): HEADERS ALREADY SENT: <pre>[0] /var/www/html/magento/app/code/core/Mage/Core/Controller/Response/Http.php:52
[1] /var/www/html/magento/lib/Zend/Controller/Response/Abstract.php:768
[2] /var/www/html/magento/app/code/core/Mage/Core/Controller/Response/Http.php:84
[3] /var/www/html/magento/app/code/core/Mage/Core/Controller/Varien/Front.php:184
[4] /var/www/html/magento/app/code/core/Mage/Core/Model/App.php:365
[5] /var/www/html/magento/app/Mage.php:684
[6] /var/www/html/magento/index.php:83
</pre>
2016-03-28T20:00:22+00:00 DEBUG (7): HEADERS ALREADY SENT: <pre>[0] /var/www/html/magento/app/code/core/Mage/Core/Controller/Response/Http.php:52
[1] /var/www/html/magento/lib/Zend/Controller/Response/Abstract.php:768
[2] /var/www/html/magento/app/code/core/Mage/Core/Controller/Response/Http.php:84
[3] /var/www/html/magento/app/code/core/Mage/Core/Controller/Varien/Front.php:184
[4] /var/www/html/magento/app/code/core/Mage/Core/Model/App.php:365
[5] /var/www/html/magento/app/Mage.php:684
[6] /var/www/html/magento/index.php:83
</pre>
2016-03-28T20:01:04+00:00 DEBUG (7): HEADERS ALREADY SENT: <pre>[0] /var/www/html/magento/app/code/core/Mage/Core/Controller/Response/Http.php:52
[1] /var/www/html/magento/lib/Zend/Controller/Response/Abstract.php:768
[2] /var/www/html/magento/app/code/core/Mage/Core/Controller/Response/Http.php:84
[3] /var/www/html/magento/app/code/core/Mage/Core/Controller/Varien/Front.php:184
[4] /var/www/html/magento/app/code/core/Mage/Core/Model/App.php:365
[5] /var/www/html/magento/app/Mage.php:684
[6] /var/www/html/magento/index.php:83
</pre>
2016-03-28T20:04:31+00:00 DEBUG (7): HEADERS ALREADY SENT: <pre>[0] /var/www/html/magento/app/code/core/Mage/Core/Controller/Response/Http.php:52
[1] /var/www/html/magento/lib/Zend/Controller/Response/Abstract.php:768
[2] /var/www/html/magento/app/code/core/Mage/Core/Controller/Response/Http.php:84
[3] /var/www/html/magento/app/code/core/Mage/Core/Controller/Varien/Front.php:184
[4] /var/www/html/magento/app/code/core/Mage/Core/Model/App.php:365
[5] /var/www/html/magento/app/Mage.php:684
[6] /var/www/html/magento/index.php:83
</pre>
2016-04-08T09:03:16+00:00 DEBUG (7): HEADERS ALREADY SENT: <pre>[0] /var/www/html/magento/app/code/core/Mage/Core/Controller/Response/Http.php:52
[1] /var/www/html/magento/lib/Zend/Controller/Response/Abstract.php:768
[2] /var/www/html/magento/app/code/core/Mage/Core/Controller/Response/Http.php:84
[3] /var/www/html/magento/app/code/core/Mage/Core/Controller/Varien/Front.php:184
[4] /var/www/html/magento/app/code/core/Mage/Core/Model/App.php:365
[5] /var/www/html/magento/app/Mage.php:684
[6] /var/www/html/magento/index.php:83
</pre>
2016-04-08T09:51:09+00:00 DEBUG (7): HEADERS ALREADY SENT: <pre>[0] /var/www/html/magento/app/code/core/Mage/Core/Controller/Response/Http.php:52
[1] /var/www/html/magento/lib/Zend/Controller/Response/Abstract.php:768
[2] /var/www/html/magento/app/code/core/Mage/Core/Controller/Response/Http.php:84
[3] /var/www/html/magento/app/code/core/Mage/Core/Controller/Varien/Front.php:184
[4] /var/www/html/magento/app/code/core/Mage/Core/Model/App.php:365
[5] /var/www/html/magento/app/Mage.php:684
[6] /var/www/html/magento/index.php:83
</pre>
2016-04-12T22:45:08+00:00 DEBUG (7): HEADERS ALREADY SENT: <pre>[0] /var/www/html/magento/app/code/core/Mage/Core/Controller/Response/Http.php:52
[1] /var/www/html/magento/lib/Zend/Controller/Response/Abstract.php:768
[2] /var/www/html/magento/app/code/core/Mage/Core/Controller/Response/Http.php:84
[3] /var/www/html/magento/app/code/core/Mage/Core/Controller/Varien/Front.php:184
[4] /var/www/html/magento/app/code/core/Mage/Core/Model/App.php:365
[5] /var/www/html/magento/app/Mage.php:684
[6] /var/www/html/magento/index.php:83
</pre>
2016-04-12T22:46:06+00:00 DEBUG (7): HEADERS ALREADY SENT: <pre>[0] /var/www/html/magento/app/code/core/Mage/Core/Controller/Response/Http.php:52
[1] /var/www/html/magento/lib/Zend/Controller/Response/Abstract.php:768
[2] /var/www/html/magento/app/code/core/Mage/Core/Controller/Response/Http.php:84
[3] /var/www/html/magento/app/code/core/Mage/Core/Controller/Varien/Front.php:184
[4] /var/www/html/magento/app/code/core/Mage/Core/Model/App.php:365
[5] /var/www/html/magento/app/Mage.php:684
[6] /var/www/html/magento/index.php:83
</pre>
2016-04-12T22:48:05+00:00 DEBUG (7): HEADERS ALREADY SENT: <pre>[0] /var/www/html/magento/app/code/core/Mage/Core/Controller/Response/Http.php:52
[1] /var/www/html/magento/lib/Zend/Controller/Response/Abstract.php:768
[2] /var/www/html/magento/app/code/core/Mage/Core/Controller/Response/Http.php:84
[3] /var/www/html/magento/app/code/core/Mage/Core/Controller/Varien/Front.php:184
[4] /var/www/html/magento/app/code/core/Mage/Core/Model/App.php:365
[5] /var/www/html/magento/app/Mage.php:684
[6] /var/www/html/magento/index.php:83
</pre>
2016-04-12T22:54:00+00:00 DEBUG (7): HEADERS ALREADY SENT: <pre>[0] /var/www/html/magento/app/code/core/Mage/Core/Controller/Response/Http.php:52
[1] /var/www/html/magento/lib/Zend/Controller/Response/Abstract.php:768
[2] /var/www/html/magento/app/code/core/Mage/Core/Controller/Response/Http.php:84
[3] /var/www/html/magento/app/code/core/Mage/Core/Controller/Varien/Front.php:184
[4] /var/www/html/magento/app/code/core/Mage/Core/Model/App.php:365
[5] /var/www/html/magento/app/Mage.php:684
[6] /var/www/html/magento/index.php:83
</pre>
2016-04-14T06:58:45+00:00 DEBUG (7): HEADERS ALREADY SENT: <pre>[0] /var/www/html/magento/app/code/core/Mage/Core/Controller/Response/Http.php:52
[1] /var/www/html/magento/lib/Zend/Controller/Response/Abstract.php:768
[2] /var/www/html/magento/app/code/core/Mage/Core/Controller/Response/Http.php:84
[3] /var/www/html/magento/app/code/core/Mage/Core/Controller/Varien/Front.php:184
[4] /var/www/html/magento/app/code/core/Mage/Core/Model/App.php:365
[5] /var/www/html/magento/app/Mage.php:684
[6] /var/www/html/magento/index.php:83
</pre>
2016-04-14T06:59:36+00:00 DEBUG (7): HEADERS ALREADY SENT: <pre>[0] /var/www/html/magento/app/code/core/Mage/Core/Controller/Response/Http.php:52
[1] /var/www/html/magento/lib/Zend/Controller/Response/Abstract.php:768
[2] /var/www/html/magento/app/code/core/Mage/Core/Controller/Response/Http.php:84
[3] /var/www/html/magento/app/code/core/Mage/Core/Controller/Varien/Front.php:184
[4] /var/www/html/magento/app/code/core/Mage/Core/Model/App.php:365
[5] /var/www/html/magento/app/Mage.php:684
[6] /var/www/html/magento/index.php:83
</pre>
2016-04-14T07:01:44+00:00 DEBUG (7): HEADERS ALREADY SENT: <pre>[0] /var/www/html/magento/app/code/core/Mage/Core/Controller/Response/Http.php:52
[1] /var/www/html/magento/lib/Zend/Controller/Response/Abstract.php:768
[2] /var/www/html/magento/app/code/core/Mage/Core/Controller/Response/Http.php:84
[3] /var/www/html/magento/app/code/core/Mage/Core/Controller/Varien/Front.php:184
[4] /var/www/html/magento/app/code/core/Mage/Core/Model/App.php:365
[5] /var/www/html/magento/app/Mage.php:684
[6] /var/www/html/magento/index.php:83
</pre>
2016-04-14T07:03:27+00:00 DEBUG (7): HEADERS ALREADY SENT: <pre>[0] /var/www/html/magento/app/code/core/Mage/Core/Controller/Response/Http.php:52
[1] /var/www/html/magento/lib/Zend/Controller/Response/Abstract.php:768
[2] /var/www/html/magento/app/code/core/Mage/Core/Controller/Response/Http.php:84
[3] /var/www/html/magento/app/code/core/Mage/Core/Controller/Varien/Front.php:184
[4] /var/www/html/magento/app/code/core/Mage/Core/Model/App.php:365
[5] /var/www/html/magento/app/Mage.php:684
[6] /var/www/html/magento/index.php:83
</pre>
2016-04-14T07:03:39+00:00 DEBUG (7): HEADERS ALREADY SENT: <pre>[0] /var/www/html/magento/app/code/core/Mage/Core/Controller/Response/Http.php:52
[1] /var/www/html/magento/lib/Zend/Controller/Response/Abstract.php:768
[2] /var/www/html/magento/app/code/core/Mage/Core/Controller/Response/Http.php:84
[3] /var/www/html/magento/app/code/core/Mage/Core/Controller/Varien/Front.php:184
[4] /var/www/html/magento/app/code/core/Mage/Core/Model/App.php:365
[5] /var/www/html/magento/app/Mage.php:684
[6] /var/www/html/magento/index.php:83
</pre>
2016-04-14T07:03:45+00:00 DEBUG (7): HEADERS ALREADY SENT: <pre>[0] /var/www/html/magento/app/code/core/Mage/Core/Controller/Response/Http.php:52
[1] /var/www/html/magento/lib/Zend/Controller/Response/Abstract.php:768
[2] /var/www/html/magento/app/code/core/Mage/Core/Controller/Response/Http.php:84
[3] /var/www/html/magento/app/code/core/Mage/Core/Controller/Varien/Front.php:184
[4] /var/www/html/magento/app/code/core/Mage/Core/Model/App.php:365
[5] /var/www/html/magento/app/Mage.php:684
[6] /var/www/html/magento/index.php:83
</pre>
2016-04-14T08:03:18+00:00 DEBUG (7): HEADERS ALREADY SENT: <pre>[0] /var/www/html/magento/app/code/core/Mage/Core/Controller/Response/Http.php:52
[1] /var/www/html/magento/lib/Zend/Controller/Response/Abstract.php:768
[2] /var/www/html/magento/app/code/core/Mage/Core/Controller/Response/Http.php:84
[3] /var/www/html/magento/app/code/core/Mage/Core/Controller/Varien/Front.php:184
[4] /var/www/html/magento/app/code/core/Mage/Core/Model/App.php:365
[5] /var/www/html/magento/app/Mage.php:684
[6] /var/www/html/magento/index.php:83
</pre>
2016-04-14T08:06:23+00:00 DEBUG (7): HEADERS ALREADY SENT: <pre>[0] /var/www/html/magento/app/code/core/Mage/Core/Controller/Response/Http.php:52
[1] /var/www/html/magento/lib/Zend/Controller/Response/Abstract.php:768
[2] /var/www/html/magento/app/code/core/Mage/Core/Controller/Response/Http.php:84
[3] /var/www/html/magento/app/code/core/Mage/Core/Controller/Varien/Front.php:184
[4] /var/www/html/magento/app/code/core/Mage/Core/Model/App.php:365
[5] /var/www/html/magento/app/Mage.php:684
[6] /var/www/html/magento/index.php:83
</pre>
2016-04-14T08:52:07+00:00 DEBUG (7): HEADERS ALREADY SENT: <pre>[0] /var/www/html/magento/app/code/core/Mage/Core/Controller/Response/Http.php:52
[1] /var/www/html/magento/lib/Zend/Controller/Response/Abstract.php:768
[2] /var/www/html/magento/app/code/core/Mage/Core/Controller/Response/Http.php:84
[3] /var/www/html/magento/app/code/core/Mage/Core/Controller/Varien/Front.php:184
[4] /var/www/html/magento/app/code/core/Mage/Core/Model/App.php:365
[5] /var/www/html/magento/app/Mage.php:684
[6] /var/www/html/magento/index.php:83
</pre>
2016-04-14T08:52:32+00:00 DEBUG (7): HEADERS ALREADY SENT: <pre>[0] /var/www/html/magento/app/code/core/Mage/Core/Controller/Response/Http.php:52
[1] /var/www/html/magento/lib/Zend/Controller/Response/Abstract.php:768
[2] /var/www/html/magento/app/code/core/Mage/Core/Controller/Response/Http.php:84
[3] /var/www/html/magento/app/code/core/Mage/Core/Controller/Varien/Front.php:184
[4] /var/www/html/magento/app/code/core/Mage/Core/Model/App.php:365
[5] /var/www/html/magento/app/Mage.php:684
[6] /var/www/html/magento/index.php:83
</pre>
2016-04-14T15:54:20+00:00 DEBUG (7): HEADERS ALREADY SENT: <pre>[0] /var/www/html/magento/app/code/core/Mage/Core/Controller/Response/Http.php:52
[1] /var/www/html/magento/lib/Zend/Controller/Response/Abstract.php:768
[2] /var/www/html/magento/app/code/core/Mage/Core/Controller/Response/Http.php:84
[3] /var/www/html/magento/app/code/core/Mage/Core/Controller/Varien/Front.php:184
[4] /var/www/html/magento/app/code/core/Mage/Core/Model/App.php:365
[5] /var/www/html/magento/app/Mage.php:684
[6] /var/www/html/magento/index.php:83
</pre>
2016-04-14T16:01:25+00:00 DEBUG (7): HEADERS ALREADY SENT: <pre>[0] /var/www/html/magento/app/code/core/Mage/Core/Controller/Response/Http.php:52
[1] /var/www/html/magento/lib/Zend/Controller/Response/Abstract.php:768
[2] /var/www/html/magento/app/code/core/Mage/Core/Controller/Response/Http.php:84
[3] /var/www/html/magento/app/code/core/Mage/Core/Controller/Varien/Front.php:184
[4] /var/www/html/magento/app/code/core/Mage/Core/Model/App.php:365
[5] /var/www/html/magento/app/Mage.php:684
[6] /var/www/html/magento/index.php:83
</pre>
2016-04-14T16:02:12+00:00 DEBUG (7): HEADERS ALREADY SENT: <pre>[0] /var/www/html/magento/app/code/core/Mage/Core/Controller/Response/Http.php:52
[1] /var/www/html/magento/lib/Zend/Controller/Response/Abstract.php:768
[2] /var/www/html/magento/app/code/core/Mage/Core/Controller/Response/Http.php:84
[3] /var/www/html/magento/app/code/core/Mage/Core/Controller/Varien/Front.php:184
[4] /var/www/html/magento/app/code/core/Mage/Core/Model/App.php:365
[5] /var/www/html/magento/app/Mage.php:684
[6] /var/www/html/magento/index.php:83
</pre>
2016-04-14T16:03:26+00:00 DEBUG (7): HEADERS ALREADY SENT: <pre>[0] /var/www/html/magento/app/code/core/Mage/Core/Controller/Response/Http.php:52
[1] /var/www/html/magento/lib/Zend/Controller/Response/Abstract.php:768
[2] /var/www/html/magento/app/code/core/Mage/Core/Controller/Response/Http.php:84
[3] /var/www/html/magento/app/code/core/Mage/Core/Controller/Varien/Front.php:184
[4] /var/www/html/magento/app/code/core/Mage/Core/Model/App.php:365
[5] /var/www/html/magento/app/Mage.php:684
[6] /var/www/html/magento/index.php:83
</pre>
2016-04-14T16:03:52+00:00 DEBUG (7): HEADERS ALREADY SENT: <pre>[0] /var/www/html/magento/app/code/core/Mage/Core/Controller/Response/Http.php:52
[1] /var/www/html/magento/lib/Zend/Controller/Response/Abstract.php:768
[2] /var/www/html/magento/app/code/core/Mage/Core/Controller/Response/Http.php:84
[3] /var/www/html/magento/app/code/core/Mage/Core/Controller/Varien/Front.php:184
[4] /var/www/html/magento/app/code/core/Mage/Core/Model/App.php:365
[5] /var/www/html/magento/app/Mage.php:684
[6] /var/www/html/magento/index.php:83
</pre>
2016-04-14T16:07:53+00:00 DEBUG (7): HEADERS ALREADY SENT: <pre>[0] /var/www/html/magento/app/code/core/Mage/Core/Controller/Response/Http.php:52
[1] /var/www/html/magento/lib/Zend/Controller/Response/Abstract.php:768
[2] /var/www/html/magento/app/code/core/Mage/Core/Controller/Response/Http.php:84
[3] /var/www/html/magento/app/code/core/Mage/Core/Controller/Varien/Front.php:184
[4] /var/www/html/magento/app/code/core/Mage/Core/Model/App.php:365
[5] /var/www/html/magento/app/Mage.php:684
[6] /var/www/html/magento/index.php:83
</pre>
2016-04-14T16:08:16+00:00 DEBUG (7): HEADERS ALREADY SENT: <pre>[0] /var/www/html/magento/app/code/core/Mage/Core/Controller/Response/Http.php:52
[1] /var/www/html/magento/lib/Zend/Controller/Response/Abstract.php:768
[2] /var/www/html/magento/app/code/core/Mage/Core/Controller/Response/Http.php:84
[3] /var/www/html/magento/app/code/core/Mage/Core/Controller/Varien/Front.php:184
[4] /var/www/html/magento/app/code/core/Mage/Core/Model/App.php:365
[5] /var/www/html/magento/app/Mage.php:684
[6] /var/www/html/magento/index.php:83
</pre>
2016-04-15T12:24:27+00:00 DEBUG (7): HEADERS ALREADY SENT: <pre>[0] /var/www/html/magento/app/code/core/Mage/Core/Controller/Response/Http.php:52
[1] /var/www/html/magento/lib/Zend/Controller/Response/Abstract.php:768
[2] /var/www/html/magento/app/code/core/Mage/Core/Controller/Response/Http.php:84
[3] /var/www/html/magento/app/code/core/Mage/Core/Controller/Varien/Front.php:184
[4] /var/www/html/magento/app/code/core/Mage/Core/Model/App.php:365
[5] /var/www/html/magento/app/Mage.php:684
[6] /var/www/html/magento/index.php:83
</pre>
2016-04-15T12:27:23+00:00 DEBUG (7): HEADERS ALREADY SENT: <pre>[0] /var/www/html/magento/app/code/core/Mage/Core/Controller/Response/Http.php:52
[1] /var/www/html/magento/lib/Zend/Controller/Response/Abstract.php:768
[2] /var/www/html/magento/app/code/core/Mage/Core/Controller/Response/Http.php:84
[3] /var/www/html/magento/app/code/core/Mage/Core/Controller/Varien/Front.php:184
[4] /var/www/html/magento/app/code/core/Mage/Core/Model/App.php:365
[5] /var/www/html/magento/app/Mage.php:684
[6] /var/www/html/magento/index.php:83
</pre>
2016-04-15T12:31:25+00:00 DEBUG (7): HEADERS ALREADY SENT: <pre>[0] /var/www/html/magento/app/code/core/Mage/Core/Controller/Response/Http.php:52
[1] /var/www/html/magento/lib/Zend/Controller/Response/Abstract.php:768
[2] /var/www/html/magento/app/code/core/Mage/Core/Controller/Response/Http.php:84
[3] /var/www/html/magento/app/code/core/Mage/Core/Controller/Varien/Front.php:184
[4] /var/www/html/magento/app/code/core/Mage/Core/Model/App.php:365
[5] /var/www/html/magento/app/Mage.php:684
[6] /var/www/html/magento/index.php:83
</pre>
2016-04-15T12:31:49+00:00 DEBUG (7): HEADERS ALREADY SENT: <pre>[0] /var/www/html/magento/app/code/core/Mage/Core/Controller/Response/Http.php:52
[1] /var/www/html/magento/lib/Zend/Controller/Response/Abstract.php:768
[2] /var/www/html/magento/app/code/core/Mage/Core/Controller/Response/Http.php:84
[3] /var/www/html/magento/app/code/core/Mage/Core/Controller/Varien/Front.php:184
[4] /var/www/html/magento/app/code/core/Mage/Core/Model/App.php:365
[5] /var/www/html/magento/app/Mage.php:684
[6] /var/www/html/magento/index.php:83
</pre>
2016-04-15T12:32:30+00:00 DEBUG (7): HEADERS ALREADY SENT: <pre>[0] /var/www/html/magento/app/code/core/Mage/Core/Controller/Response/Http.php:52
[1] /var/www/html/magento/lib/Zend/Controller/Response/Abstract.php:768
[2] /var/www/html/magento/app/code/core/Mage/Core/Controller/Response/Http.php:84
[3] /var/www/html/magento/app/code/core/Mage/Core/Controller/Varien/Front.php:184
[4] /var/www/html/magento/app/code/core/Mage/Core/Model/App.php:365
[5] /var/www/html/magento/app/Mage.php:684
[6] /var/www/html/magento/index.php:83
</pre>
2016-04-15T12:32:50+00:00 DEBUG (7): HEADERS ALREADY SENT: <pre>[0] /var/www/html/magento/app/code/core/Mage/Core/Controller/Response/Http.php:52
[1] /var/www/html/magento/lib/Zend/Controller/Response/Abstract.php:768
[2] /var/www/html/magento/app/code/core/Mage/Core/Controller/Response/Http.php:84
[3] /var/www/html/magento/app/code/core/Mage/Core/Controller/Varien/Front.php:184
[4] /var/www/html/magento/app/code/core/Mage/Core/Model/App.php:365
[5] /var/www/html/magento/app/Mage.php:684
[6] /var/www/html/magento/index.php:83
</pre>
2016-04-15T12:33:53+00:00 DEBUG (7): HEADERS ALREADY SENT: <pre>[0] /var/www/html/magento/app/code/core/Mage/Core/Controller/Response/Http.php:52
[1] /var/www/html/magento/lib/Zend/Controller/Response/Abstract.php:768
[2] /var/www/html/magento/app/code/core/Mage/Core/Controller/Response/Http.php:84
[3] /var/www/html/magento/app/code/core/Mage/Core/Controller/Varien/Front.php:184
[4] /var/www/html/magento/app/code/core/Mage/Core/Model/App.php:365
[5] /var/www/html/magento/app/Mage.php:684
[6] /var/www/html/magento/index.php:83
</pre>
2016-04-15T12:34:56+00:00 DEBUG (7): HEADERS ALREADY SENT: <pre>[0] /var/www/html/magento/app/code/core/Mage/Core/Controller/Response/Http.php:52
[1] /var/www/html/magento/lib/Zend/Controller/Response/Abstract.php:768
[2] /var/www/html/magento/app/code/core/Mage/Core/Controller/Response/Http.php:84
[3] /var/www/html/magento/app/code/core/Mage/Core/Controller/Varien/Front.php:184
[4] /var/www/html/magento/app/code/core/Mage/Core/Model/App.php:365
[5] /var/www/html/magento/app/Mage.php:684
[6] /var/www/html/magento/index.php:83
</pre>
2016-04-15T12:37:11+00:00 DEBUG (7): HEADERS ALREADY SENT: <pre>[0] /var/www/html/magento/app/code/core/Mage/Core/Controller/Response/Http.php:52
[1] /var/www/html/magento/lib/Zend/Controller/Response/Abstract.php:768
[2] /var/www/html/magento/app/code/core/Mage/Core/Controller/Response/Http.php:84
[3] /var/www/html/magento/app/code/core/Mage/Core/Controller/Varien/Front.php:184
[4] /var/www/html/magento/app/code/core/Mage/Core/Model/App.php:365
[5] /var/www/html/magento/app/Mage.php:684
[6] /var/www/html/magento/index.php:83
</pre>
2016-04-15T12:38:06+00:00 DEBUG (7): HEADERS ALREADY SENT: <pre>[0] /var/www/html/magento/app/code/core/Mage/Core/Controller/Response/Http.php:52
[1] /var/www/html/magento/lib/Zend/Controller/Response/Abstract.php:768
[2] /var/www/html/magento/app/code/core/Mage/Core/Controller/Response/Http.php:84
[3] /var/www/html/magento/app/code/core/Mage/Core/Controller/Varien/Front.php:184
[4] /var/www/html/magento/app/code/core/Mage/Core/Model/App.php:365
[5] /var/www/html/magento/app/Mage.php:684
[6] /var/www/html/magento/index.php:83
</pre>
2016-04-15T12:38:46+00:00 DEBUG (7): HEADERS ALREADY SENT: <pre>[0] /var/www/html/magento/app/code/core/Mage/Core/Controller/Response/Http.php:52
[1] /var/www/html/magento/lib/Zend/Controller/Response/Abstract.php:768
[2] /var/www/html/magento/app/code/core/Mage/Core/Controller/Response/Http.php:84
[3] /var/www/html/magento/app/code/core/Mage/Core/Controller/Varien/Front.php:184
[4] /var/www/html/magento/app/code/core/Mage/Core/Model/App.php:365
[5] /var/www/html/magento/app/Mage.php:684
[6] /var/www/html/magento/index.php:83
</pre>
2016-04-15T12:39:08+00:00 DEBUG (7): HEADERS ALREADY SENT: <pre>[0] /var/www/html/magento/app/code/core/Mage/Core/Controller/Response/Http.php:52
[1] /var/www/html/magento/lib/Zend/Controller/Response/Abstract.php:768
[2] /var/www/html/magento/app/code/core/Mage/Core/Controller/Response/Http.php:84
[3] /var/www/html/magento/app/code/core/Mage/Core/Controller/Varien/Front.php:184
[4] /var/www/html/magento/app/code/core/Mage/Core/Model/App.php:365
[5] /var/www/html/magento/app/Mage.php:684
[6] /var/www/html/magento/index.php:83
</pre>
2016-04-15T12:42:47+00:00 DEBUG (7): HEADERS ALREADY SENT: <pre>[0] /var/www/html/magento/app/code/core/Mage/Core/Controller/Response/Http.php:52
[1] /var/www/html/magento/lib/Zend/Controller/Response/Abstract.php:768
[2] /var/www/html/magento/app/code/core/Mage/Core/Controller/Response/Http.php:84
[3] /var/www/html/magento/app/code/core/Mage/Core/Controller/Varien/Front.php:184
[4] /var/www/html/magento/app/code/core/Mage/Core/Model/App.php:365
[5] /var/www/html/magento/app/Mage.php:684
[6] /var/www/html/magento/index.php:83
</pre>
2016-04-15T12:45:48+00:00 DEBUG (7): HEADERS ALREADY SENT: <pre>[0] /var/www/html/magento/app/code/core/Mage/Core/Controller/Response/Http.php:52
[1] /var/www/html/magento/lib/Zend/Controller/Response/Abstract.php:768
[2] /var/www/html/magento/app/code/core/Mage/Core/Controller/Response/Http.php:84
[3] /var/www/html/magento/app/code/core/Mage/Core/Controller/Varien/Front.php:184
[4] /var/www/html/magento/app/code/core/Mage/Core/Model/App.php:365
[5] /var/www/html/magento/app/Mage.php:684
[6] /var/www/html/magento/index.php:83
</pre>
2016-04-16T12:24:15+00:00 DEBUG (7): HEADERS ALREADY SENT: <pre>[0] /var/www/html/magento/app/code/core/Mage/Core/Controller/Response/Http.php:52
[1] /var/www/html/magento/lib/Zend/Controller/Response/Abstract.php:768
[2] /var/www/html/magento/app/code/core/Mage/Core/Controller/Response/Http.php:84
[3] /var/www/html/magento/app/code/core/Mage/Core/Controller/Varien/Front.php:184
[4] /var/www/html/magento/app/code/core/Mage/Core/Model/App.php:365
[5] /var/www/html/magento/app/Mage.php:684
[6] /var/www/html/magento/index.php:83
</pre>
2016-04-16T12:25:46+00:00 DEBUG (7): HEADERS ALREADY SENT: <pre>[0] /var/www/html/magento/app/code/core/Mage/Core/Controller/Response/Http.php:52
[1] /var/www/html/magento/lib/Zend/Controller/Response/Abstract.php:768
[2] /var/www/html/magento/app/code/core/Mage/Core/Controller/Response/Http.php:84
[3] /var/www/html/magento/app/code/core/Mage/Core/Controller/Varien/Front.php:184
[4] /var/www/html/magento/app/code/core/Mage/Core/Model/App.php:365
[5] /var/www/html/magento/app/Mage.php:684
[6] /var/www/html/magento/index.php:83
</pre>
2016-04-16T12:26:09+00:00 DEBUG (7): HEADERS ALREADY SENT: <pre>[0] /var/www/html/magento/app/code/core/Mage/Core/Controller/Response/Http.php:52
[1] /var/www/html/magento/lib/Zend/Controller/Response/Abstract.php:768
[2] /var/www/html/magento/app/code/core/Mage/Core/Controller/Response/Http.php:84
[3] /var/www/html/magento/app/code/core/Mage/Core/Controller/Varien/Front.php:184
[4] /var/www/html/magento/app/code/core/Mage/Core/Model/App.php:365
[5] /var/www/html/magento/app/Mage.php:684
[6] /var/www/html/magento/index.php:83
</pre>
2016-04-16T12:28:19+00:00 DEBUG (7): HEADERS ALREADY SENT: <pre>[0] /var/www/html/magento/app/code/core/Mage/Core/Controller/Response/Http.php:52
[1] /var/www/html/magento/lib/Zend/Controller/Response/Abstract.php:768
[2] /var/www/html/magento/app/code/core/Mage/Core/Controller/Response/Http.php:84
[3] /var/www/html/magento/app/code/core/Mage/Core/Controller/Varien/Front.php:184
[4] /var/www/html/magento/app/code/core/Mage/Core/Model/App.php:365
[5] /var/www/html/magento/app/Mage.php:684
[6] /var/www/html/magento/index.php:83
</pre>
2016-04-16T12:28:33+00:00 DEBUG (7): HEADERS ALREADY SENT: <pre>[0] /var/www/html/magento/app/code/core/Mage/Core/Controller/Response/Http.php:52
[1] /var/www/html/magento/lib/Zend/Controller/Response/Abstract.php:768
[2] /var/www/html/magento/app/code/core/Mage/Core/Controller/Response/Http.php:84
[3] /var/www/html/magento/app/code/core/Mage/Core/Controller/Varien/Front.php:184
[4] /var/www/html/magento/app/code/core/Mage/Core/Model/App.php:365
[5] /var/www/html/magento/app/Mage.php:684
[6] /var/www/html/magento/index.php:83
</pre>
2016-04-16T12:31:30+00:00 DEBUG (7): HEADERS ALREADY SENT: <pre>[0] /var/www/html/magento/app/code/core/Mage/Core/Controller/Response/Http.php:52
[1] /var/www/html/magento/lib/Zend/Controller/Response/Abstract.php:768
[2] /var/www/html/magento/app/code/core/Mage/Core/Controller/Response/Http.php:84
[3] /var/www/html/magento/app/code/core/Mage/Core/Controller/Varien/Front.php:184
[4] /var/www/html/magento/app/code/core/Mage/Core/Model/App.php:365
[5] /var/www/html/magento/app/Mage.php:684
[6] /var/www/html/magento/index.php:83
</pre>
2016-04-16T12:36:02+00:00 DEBUG (7): HEADERS ALREADY SENT: <pre>[0] /var/www/html/magento/app/code/core/Mage/Core/Controller/Response/Http.php:52
[1] /var/www/html/magento/lib/Zend/Controller/Response/Abstract.php:768
[2] /var/www/html/magento/app/code/core/Mage/Core/Controller/Response/Http.php:84
[3] /var/www/html/magento/app/code/core/Mage/Core/Controller/Varien/Front.php:184
[4] /var/www/html/magento/app/code/core/Mage/Core/Model/App.php:365
[5] /var/www/html/magento/app/Mage.php:684
[6] /var/www/html/magento/index.php:83
</pre>
2016-04-16T12:37:20+00:00 DEBUG (7): HEADERS ALREADY SENT: <pre>[0] /var/www/html/magento/app/code/core/Mage/Core/Controller/Response/Http.php:52
[1] /var/www/html/magento/lib/Zend/Controller/Response/Abstract.php:768
[2] /var/www/html/magento/app/code/core/Mage/Core/Controller/Response/Http.php:84
[3] /var/www/html/magento/app/code/core/Mage/Core/Controller/Varien/Front.php:184
[4] /var/www/html/magento/app/code/core/Mage/Core/Model/App.php:365
[5] /var/www/html/magento/app/Mage.php:684
[6] /var/www/html/magento/index.php:83
</pre>
2016-04-16T14:08:30+00:00 DEBUG (7): HEADERS ALREADY SENT: <pre>[0] /var/www/html/magento/app/code/core/Mage/Core/Controller/Response/Http.php:52
[1] /var/www/html/magento/lib/Zend/Controller/Response/Abstract.php:768
[2] /var/www/html/magento/app/code/core/Mage/Core/Controller/Response/Http.php:84
[3] /var/www/html/magento/app/code/core/Mage/Core/Controller/Varien/Front.php:184
[4] /var/www/html/magento/app/code/core/Mage/Core/Model/App.php:365
[5] /var/www/html/magento/app/Mage.php:684
[6] /var/www/html/magento/index.php:83
</pre>
2016-04-16T14:08:33+00:00 DEBUG (7): HEADERS ALREADY SENT: <pre>[0] /var/www/html/magento/app/code/core/Mage/Core/Controller/Response/Http.php:52
[1] /var/www/html/magento/lib/Zend/Controller/Response/Abstract.php:768
[2] /var/www/html/magento/app/code/core/Mage/Core/Controller/Response/Http.php:84
[3] /var/www/html/magento/app/code/core/Mage/Core/Controller/Varien/Front.php:184
[4] /var/www/html/magento/app/code/core/Mage/Core/Model/App.php:365
[5] /var/www/html/magento/app/Mage.php:684
[6] /var/www/html/magento/index.php:83
</pre>
2016-04-16T14:08:57+00:00 DEBUG (7): HEADERS ALREADY SENT: <pre>[0] /var/www/html/magento/app/code/core/Mage/Core/Controller/Response/Http.php:52
[1] /var/www/html/magento/lib/Zend/Controller/Response/Abstract.php:768
[2] /var/www/html/magento/app/code/core/Mage/Core/Controller/Response/Http.php:84
[3] /var/www/html/magento/app/code/core/Mage/Core/Controller/Varien/Front.php:184
[4] /var/www/html/magento/app/code/core/Mage/Core/Model/App.php:365
[5] /var/www/html/magento/app/Mage.php:684
[6] /var/www/html/magento/index.php:83
</pre>
2016-04-16T14:14:56+00:00 DEBUG (7): HEADERS ALREADY SENT: <pre>[0] /var/www/html/magento/app/code/core/Mage/Core/Controller/Response/Http.php:52
[1] /var/www/html/magento/lib/Zend/Controller/Response/Abstract.php:768
[2] /var/www/html/magento/app/code/core/Mage/Core/Controller/Response/Http.php:84
[3] /var/www/html/magento/app/code/core/Mage/Core/Controller/Varien/Front.php:184
[4] /var/www/html/magento/app/code/core/Mage/Core/Model/App.php:365
[5] /var/www/html/magento/app/Mage.php:684
[6] /var/www/html/magento/index.php:83
</pre>
2016-04-16T14:23:56+00:00 DEBUG (7): HEADERS ALREADY SENT: <pre>[0] /var/www/html/magento/app/code/core/Mage/Core/Controller/Response/Http.php:52
[1] /var/www/html/magento/lib/Zend/Controller/Response/Abstract.php:768
[2] /var/www/html/magento/app/code/core/Mage/Core/Controller/Response/Http.php:84
[3] /var/www/html/magento/app/code/core/Mage/Core/Controller/Varien/Front.php:184
[4] /var/www/html/magento/app/code/core/Mage/Core/Model/App.php:365
[5] /var/www/html/magento/app/Mage.php:684
[6] /var/www/html/magento/index.php:83
</pre>
